app/build/intermediates/manifest_merge_blame_file/psrRelease/manifest-merger-blame-psr-release-report.txt
1<?xml version="1.0" encoding="utf-8"?>
2<manifest xmlns:android="http://schemas.android.com/apk/res/android"
3    package="com.fivebb.selfcare"
4    android:versionCode="100"
5    android:versionName="1.9.0" >
6
7    <uses-sdk
8        android:minSdkVersion="22"
8-->src\main\AndroidManifest.xml
9        android:targetSdkVersion="33" />
9-->src\main\AndroidManifest.xml
10
11    <uses-permission android:name="android.permission.INTERNET" />
11-->src\main\AndroidManifest.xml:5:5-67
11-->src\main\AndroidManifest.xml:5:22-64
12    <uses-permission android:name="android.permission.WRITE_EXTERNAL_STORAGE" />
12-->src\main\AndroidManifest.xml:6:5-7:40
12-->src\main\AndroidManifest.xml:6:22-78
13    <uses-permission android:name="android.permission.READ_EXTERNAL_STORAGE" />
13-->src\main\AndroidManifest.xml:8:5-80
13-->src\main\AndroidManifest.xml:8:22-77
14    <uses-permission android:name="android.permission.ACCESS_NETWORK_STATE" />
14-->src\main\AndroidManifest.xml:9:5-79
14-->src\main\AndroidManifest.xml:9:22-76
15    <uses-permission android:name="com.google.android.c2dm.permission.RECEIVE" />
15-->src\main\AndroidManifest.xml:10:5-81
15-->src\main\AndroidManifest.xml:10:22-79
16    <uses-permission android:name="com.google.android.gms.permission.ACTIVITY_RECOGNITION" />
16-->src\main\AndroidManifest.xml:11:5-93
16-->src\main\AndroidManifest.xml:11:22-91
17    <uses-permission android:name="android.permission.POST_NOTIFICATIONS" />
17-->src\main\AndroidManifest.xml:12:5-76
17-->src\main\AndroidManifest.xml:12:22-74
18    <uses-permission android:name="com.google.android.gms.permission.AD_ID" />
18-->src\main\AndroidManifest.xml:13:5-78
18-->src\main\AndroidManifest.xml:13:22-76
19    <uses-permission android:name="com.kbzbank.kpaycustomer.permission.inapp_payment" />
19-->[kbzsdk_1.1.0.aar] AndroidManifest.xml:11:5-89
19-->[kbzsdk_1.1.0.aar] AndroidManifest.xml:11:22-86
20
21    <queries>
21-->[kbzsdk_1.1.0.aar] AndroidManifest.xml:13:5-19:15
22
23        <!-- 生产包 -->
24        <package android:name="com.kbzbank.kpaycustomer" />
24-->[kbzsdk_1.1.0.aar] AndroidManifest.xml:16:9-60
24-->[kbzsdk_1.1.0.aar] AndroidManifest.xml:16:18-57
25        <!-- UAT包 -->
26        <package android:name="com.kbzbank.kpaycustomer.uat" />
26-->[kbzsdk_1.1.0.aar] AndroidManifest.xml:18:9-64
26-->[kbzsdk_1.1.0.aar] AndroidManifest.xml:18:18-61
27        <!-- Needs to be explicitly declared on Android R+ -->
28        <package android:name="com.google.android.apps.maps" />
28-->[com.google.android.gms:play-services-maps:18.1.0] AndroidManifest.xml:33:9-64
28-->[com.google.android.gms:play-services-maps:18.1.0] AndroidManifest.xml:33:18-61
29    </queries>
30
31    <uses-permission android:name="android.permission.CALL_PHONE" />
31-->[:shared] AndroidManifest.xml:9:5-69
31-->[:shared] AndroidManifest.xml:9:22-66
32    <uses-permission android:name="android.permission.WAKE_LOCK" />
32-->[com.google.firebase:firebase-messaging:23.1.2] AndroidManifest.xml:26:5-68
32-->[com.google.firebase:firebase-messaging:23.1.2] AndroidManifest.xml:26:22-65
33
34    <uses-feature
34-->[com.google.android.gms:play-services-maps:18.1.0] AndroidManifest.xml:26:5-28:35
35        android:glEsVersion="0x00020000"
35-->[com.google.android.gms:play-services-maps:18.1.0] AndroidManifest.xml:27:9-41
36        android:required="true" />
36-->[com.google.android.gms:play-services-maps:18.1.0] AndroidManifest.xml:28:9-32
37
38    <uses-permission android:name="com.google.android.finsky.permission.BIND_GET_INSTALL_REFERRER_SERVICE" />
38-->[com.google.android.gms:play-services-measurement:21.2.0] AndroidManifest.xml:26:5-110
38-->[com.google.android.gms:play-services-measurement:21.2.0] AndroidManifest.xml:26:22-107
39
40    <application
40-->src\main\AndroidManifest.xml:15:5-241:19
41        android:name="com.fivebb.selfcare.FiveBBApp"
41-->src\main\AndroidManifest.xml:16:13-38
42        android:allowBackup="true"
42-->src\main\AndroidManifest.xml:17:13-39
43        android:appComponentFactory="androidx.core.app.CoreComponentFactory"
43-->[androidx.core:core:1.7.0] AndroidManifest.xml:24:18-86
44        android:icon="@mipmap/ic_launcher_fivebb"
44-->src\main\AndroidManifest.xml:18:13-54
45        android:label="@string/app_name"
45-->src\main\AndroidManifest.xml:19:13-45
46        android:roundIcon="@mipmap/ic_launcher_round_fivebb"
46-->src\main\AndroidManifest.xml:20:13-65
47        android:supportsRtl="true"
47-->src\main\AndroidManifest.xml:21:13-39
48        android:theme="@style/AppTheme.NoActionBar"
48-->src\main\AndroidManifest.xml:22:13-56
49        android:usesCleartextTraffic="true" >
49-->src\main\AndroidManifest.xml:23:13-48
50        <service
50-->src\main\AndroidManifest.xml:26:9-32:19
51            android:name="com.fivebb.selfcare.firebase.FCMService"
51-->src\main\AndroidManifest.xml:27:17-52
52            android:exported="false" >
52-->src\main\AndroidManifest.xml:28:17-41
53            <intent-filter>
53-->src\main\AndroidManifest.xml:29:13-31:29
54                <action android:name="com.google.firebase.MESSAGING_EVENT" />
54-->src\main\AndroidManifest.xml:30:17-78
54-->src\main\AndroidManifest.xml:30:25-75
55            </intent-filter>
56        </service>
57
58        <meta-data
58-->src\main\AndroidManifest.xml:34:9-107
59            android:name="com.facebook.sdk.ApplicationId"
59-->src\main\AndroidManifest.xml:34:20-65
60            android:value="@string/facebook_app_id" />
60-->src\main\AndroidManifest.xml:34:66-105
61        <meta-data
61-->src\main\AndroidManifest.xml:36:9-38:40
62            android:name="com.facebook.sdk.CodelessDebugLogEnabled"
62-->src\main\AndroidManifest.xml:37:17-72
63            android:value="true" />
63-->src\main\AndroidManifest.xml:38:17-37
64        <meta-data
64-->src\main\AndroidManifest.xml:40:9-42:53
65            android:name="com.google.firebase.messaging.default_notification_icon"
65-->src\main\AndroidManifest.xml:41:17-87
66            android:resource="@drawable/logo" />
66-->src\main\AndroidManifest.xml:42:17-50
67        <meta-data
67-->src\main\AndroidManifest.xml:43:9-45:58
68            android:name="com.google.firebase.messaging.default_notification_color"
68-->src\main\AndroidManifest.xml:44:17-88
69            android:resource="@color/colorPrimary" />
69-->src\main\AndroidManifest.xml:45:17-55
70
71        <activity
71-->src\main\AndroidManifest.xml:47:9-49:56
72            android:name="com.fivebb.selfcare.activities.SkippableNoticeActivity"
72-->src\main\AndroidManifest.xml:48:17-67
73            android:screenOrientation="portrait" />
73-->src\main\AndroidManifest.xml:49:17-53
74        <activity android:name="com.fivebb.selfcare.activities.prepaid.PXPaymentBankActivity" />
74-->src\main\AndroidManifest.xml:50:9-77
74-->src\main\AndroidManifest.xml:50:19-75
75        <activity
75-->src\main\AndroidManifest.xml:52:9-54:56
76            android:name="com.fivebb.selfcare.activities.DownloadPDFActivity"
76-->src\main\AndroidManifest.xml:53:17-63
77            android:screenOrientation="portrait" />
77-->src\main\AndroidManifest.xml:54:17-53
78        <activity
78-->src\main\AndroidManifest.xml:56:9-58:56
79            android:name="com.fivebb.selfcare.activities.SendEmailActivity"
79-->src\main\AndroidManifest.xml:57:17-61
80            android:screenOrientation="portrait" />
80-->src\main\AndroidManifest.xml:58:17-53
81        <activity
81-->src\main\AndroidManifest.xml:60:9-62:56
82            android:name="com.fivebb.selfcare.activities.recharge.RechargeActivity"
82-->src\main\AndroidManifest.xml:61:17-69
83            android:screenOrientation="portrait" />
83-->src\main\AndroidManifest.xml:62:17-53
84        <activity
84-->src\main\AndroidManifest.xml:64:9-66:56
85            android:name="com.fivebb.selfcare.activities.prepaid.PXTopUpActivity"
85-->src\main\AndroidManifest.xml:65:17-67
86            android:screenOrientation="portrait" />
86-->src\main\AndroidManifest.xml:66:17-53
87        <activity
87-->src\main\AndroidManifest.xml:68:9-70:56
88            android:name="com.fivebb.selfcare.activities.LatestPaymentDownloadPDFActivity"
88-->src\main\AndroidManifest.xml:69:17-76
89            android:screenOrientation="portrait" />
89-->src\main\AndroidManifest.xml:70:17-53
90        <activity
90-->src\main\AndroidManifest.xml:72:9-85:20
91            android:name="com.fivebb.selfcare.activities.recharge.RechargeTopUpActivity"
91-->src\main\AndroidManifest.xml:73:17-74
92            android:exported="true"
92-->src\main\AndroidManifest.xml:75:13-36
93            android:screenOrientation="portrait" >
93-->src\main\AndroidManifest.xml:74:13-49
94            <intent-filter android:autoVerify="true" >
94-->src\main\AndroidManifest.xml:76:13-84:29
94-->src\main\AndroidManifest.xml:76:28-53
95                <action android:name="android.intent.action.VIEW" />
95-->src\main\AndroidManifest.xml:77:17-69
95-->src\main\AndroidManifest.xml:77:25-66
96
97                <category android:name="android.intent.category.DEFAULT" />
97-->src\main\AndroidManifest.xml:79:17-76
97-->src\main\AndroidManifest.xml:79:27-73
98                <category android:name="android.intent.category.BROWSABLE" />
98-->src\main\AndroidManifest.xml:80:17-78
98-->src\main\AndroidManifest.xml:80:27-75
99
100                <data
100-->src\main\AndroidManifest.xml:81:17-83:47
101                    android:host="mlink/screen=dynamicconfirm?requestedid="
101-->src\main\AndroidManifest.xml:82:21-76
102                    android:scheme="ayapay" /> <!-- ayapay://mLink/screen=DynamicConfirm?requestedId=64cb456d953889338231db49" -->
102-->src\main\AndroidManifest.xml:83:21-44
103            </intent-filter>
104        </activity>
105        <activity
105-->src\main\AndroidManifest.xml:88:9-107:20
106            android:name="com.fivebb.selfcare.activities.SplashActivity"
106-->src\main\AndroidManifest.xml:89:17-58
107            android:exported="true"
107-->src\main\AndroidManifest.xml:91:17-40
108            android:screenOrientation="portrait" >
108-->src\main\AndroidManifest.xml:90:17-53
109            <intent-filter>
109-->src\main\AndroidManifest.xml:92:13-101:29
110                <action android:name="android.intent.action.VIEW" />
110-->src\main\AndroidManifest.xml:77:17-69
110-->src\main\AndroidManifest.xml:77:25-66
111
112                <category android:name="android.intent.category.DEFAULT" />
112-->src\main\AndroidManifest.xml:79:17-76
112-->src\main\AndroidManifest.xml:79:27-73
113                <category android:name="android.intent.category.BROWSABLE" />
113-->src\main\AndroidManifest.xml:80:17-78
113-->src\main\AndroidManifest.xml:80:27-75
114
115                <data
115-->src\main\AndroidManifest.xml:81:17-83:47
116                    android:host="@string/host_name"
116-->src\main\AndroidManifest.xml:82:21-76
117                    android:scheme="https" />
117-->src\main\AndroidManifest.xml:83:21-44
118            </intent-filter>
119            <intent-filter>
119-->src\main\AndroidManifest.xml:102:13-106:29
120                <action android:name="android.intent.action.MAIN" />
120-->src\main\AndroidManifest.xml:103:17-69
120-->src\main\AndroidManifest.xml:103:25-66
121
122                <category android:name="android.intent.category.LAUNCHER" />
122-->src\main\AndroidManifest.xml:105:17-77
122-->src\main\AndroidManifest.xml:105:27-74
123            </intent-filter>
124        </activity>
125        <activity
125-->src\main\AndroidManifest.xml:109:9-110:34
126            android:name="com.kbzbank.payment.sdk.callback.CallbackResultActivity"
126-->src\main\AndroidManifest.xml:109:19-89
127            android:exported="true" />
127-->src\main\AndroidManifest.xml:110:9-32
128        <activity
128-->src\main\AndroidManifest.xml:112:9-114:56
129            android:name="com.fivebb.selfcare.activities.LoginActivity"
129-->src\main\AndroidManifest.xml:113:17-57
130            android:screenOrientation="portrait" />
130-->src\main\AndroidManifest.xml:114:17-53
131        <activity
131-->src\main\AndroidManifest.xml:115:9-117:56
132            android:name="com.fivebb.selfcare.activities.HomeActivity"
132-->src\main\AndroidManifest.xml:116:17-56
133            android:screenOrientation="portrait" />
133-->src\main\AndroidManifest.xml:117:17-53
134        <activity
134-->src\main\AndroidManifest.xml:118:9-120:56
135            android:name="com.fivebb.selfcare.activities.PlanChangeActivity"
135-->src\main\AndroidManifest.xml:119:17-62
136            android:screenOrientation="portrait" />
136-->src\main\AndroidManifest.xml:120:17-53
137        <activity
137-->src\main\AndroidManifest.xml:121:9-123:56
138            android:name="com.fivebb.selfcare.activities.prepaid.PXPlanChangeActivity"
138-->src\main\AndroidManifest.xml:122:17-72
139            android:screenOrientation="portrait" />
139-->src\main\AndroidManifest.xml:123:17-53
140        <activity
140-->src\main\AndroidManifest.xml:124:9-126:56
141            android:name="com.fivebb.selfcare.activities.ActivityLogsActivity"
141-->src\main\AndroidManifest.xml:125:17-64
142            android:screenOrientation="portrait" />
142-->src\main\AndroidManifest.xml:126:17-53
143        <activity
143-->src\main\AndroidManifest.xml:127:9-134:20
144            android:name="com.fivebb.selfcare.activities.RelocationActivity"
144-->src\main\AndroidManifest.xml:128:17-62
145            android:exported="true"
145-->src\main\AndroidManifest.xml:130:17-40
146            android:screenOrientation="portrait" >
146-->src\main\AndroidManifest.xml:129:17-53
147            <intent-filter>
147-->src\main\AndroidManifest.xml:131:13-133:29
148                <action android:name="android.intent.action.SEND" />
148-->src\main\AndroidManifest.xml:132:17-69
148-->src\main\AndroidManifest.xml:132:25-66
149            </intent-filter>
150        </activity>
151        <activity
151-->src\main\AndroidManifest.xml:135:9-137:56
152            android:name="com.fivebb.selfcare.activities.CheckVerificationActivity"
152-->src\main\AndroidManifest.xml:136:17-69
153            android:screenOrientation="portrait" />
153-->src\main\AndroidManifest.xml:137:17-53
154        <activity
154-->src\main\AndroidManifest.xml:138:9-140:56
155            android:name="com.fivebb.selfcare.activities.NotificationActivity"
155-->src\main\AndroidManifest.xml:139:17-64
156            android:screenOrientation="portrait" />
156-->src\main\AndroidManifest.xml:140:17-53
157        <activity
157-->src\main\AndroidManifest.xml:141:9-143:56
158            android:name="com.fivebb.selfcare.activities.InfoNotiDetailActivity"
158-->src\main\AndroidManifest.xml:142:17-66
159            android:screenOrientation="portrait" />
159-->src\main\AndroidManifest.xml:143:17-53
160        <activity
160-->src\main\AndroidManifest.xml:144:9-146:56
161            android:name="com.fivebb.selfcare.activities.TransNotiDetailActivity"
161-->src\main\AndroidManifest.xml:145:17-67
162            android:screenOrientation="portrait" />
162-->src\main\AndroidManifest.xml:146:17-53
163        <activity
163-->src\main\AndroidManifest.xml:147:9-149:56
164            android:name="com.fivebb.selfcare.activities.PromoNotiDetailActivity"
164-->src\main\AndroidManifest.xml:148:17-67
165            android:screenOrientation="portrait" />
165-->src\main\AndroidManifest.xml:149:17-53
166        <activity
166-->src\main\AndroidManifest.xml:150:9-152:56
167            android:name="com.fivebb.selfcare.activities.CreateTicketActivity"
167-->src\main\AndroidManifest.xml:151:17-64
168            android:screenOrientation="portrait" />
168-->src\main\AndroidManifest.xml:152:17-53
169        <activity
169-->src\main\AndroidManifest.xml:153:9-155:56
170            android:name="com.fivebb.selfcare.activities.ProfileActivity"
170-->src\main\AndroidManifest.xml:154:17-59
171            android:screenOrientation="portrait" />
171-->src\main\AndroidManifest.xml:155:17-53
172        <activity
172-->src\main\AndroidManifest.xml:156:9-158:56
173            android:name="com.fivebb.selfcare.activities.LTEProfileActivity"
173-->src\main\AndroidManifest.xml:157:17-62
174            android:screenOrientation="portrait" />
174-->src\main\AndroidManifest.xml:158:17-53
175        <activity
175-->src\main\AndroidManifest.xml:159:9-172:20
176            android:name="com.fivebb.selfcare.activities.ChooseAdvMonthActivity"
176-->src\main\AndroidManifest.xml:160:17-66
177            android:exported="true"
177-->src\main\AndroidManifest.xml:162:13-36
178            android:screenOrientation="portrait" >
178-->src\main\AndroidManifest.xml:161:13-49
179            <intent-filter android:autoVerify="true" >
179-->src\main\AndroidManifest.xml:76:13-84:29
179-->src\main\AndroidManifest.xml:76:28-53
180                <action android:name="android.intent.action.VIEW" />
180-->src\main\AndroidManifest.xml:77:17-69
180-->src\main\AndroidManifest.xml:77:25-66
181
182                <category android:name="android.intent.category.DEFAULT" />
182-->src\main\AndroidManifest.xml:79:17-76
182-->src\main\AndroidManifest.xml:79:27-73
183                <category android:name="android.intent.category.BROWSABLE" />
183-->src\main\AndroidManifest.xml:80:17-78
183-->src\main\AndroidManifest.xml:80:27-75
184
185                <data
185-->src\main\AndroidManifest.xml:81:17-83:47
186                    android:host="mlink/screen=dynamicconfirm?requestedid="
186-->src\main\AndroidManifest.xml:82:21-76
187                    android:scheme="ayapay" /> <!-- ayapay://mLink/screen=DynamicConfirm?requestedId=64cb456d953889338231db49" -->
187-->src\main\AndroidManifest.xml:83:21-44
188            </intent-filter>
189        </activity>
190        <activity
190-->src\main\AndroidManifest.xml:174:9-187:20
191            android:name="com.fivebb.selfcare.activities.ChooseBankActivity"
191-->src\main\AndroidManifest.xml:175:17-62
192            android:exported="true"
192-->src\main\AndroidManifest.xml:177:13-36
193            android:screenOrientation="portrait" >
193-->src\main\AndroidManifest.xml:176:13-49
194            <intent-filter android:autoVerify="true" >
194-->src\main\AndroidManifest.xml:76:13-84:29
194-->src\main\AndroidManifest.xml:76:28-53
195                <action android:name="android.intent.action.VIEW" />
195-->src\main\AndroidManifest.xml:77:17-69
195-->src\main\AndroidManifest.xml:77:25-66
196
197                <category android:name="android.intent.category.DEFAULT" />
197-->src\main\AndroidManifest.xml:79:17-76
197-->src\main\AndroidManifest.xml:79:27-73
198                <category android:name="android.intent.category.BROWSABLE" />
198-->src\main\AndroidManifest.xml:80:17-78
198-->src\main\AndroidManifest.xml:80:27-75
199
200                <data
200-->src\main\AndroidManifest.xml:81:17-83:47
201                    android:host="mlink/screen=dynamicconfirm?requestedid="
201-->src\main\AndroidManifest.xml:82:21-76
202                    android:scheme="ayapay" /> <!-- ayapay://mLink/screen=DynamicConfirm?requestedId=64cb456d953889338231db49" -->
202-->src\main\AndroidManifest.xml:83:21-44
203            </intent-filter>
204        </activity>
205        <activity
205-->src\main\AndroidManifest.xml:188:9-190:56
206            android:name="com.fivebb.selfcare.activities.AddNewEmailAty"
206-->src\main\AndroidManifest.xml:189:17-58
207            android:screenOrientation="portrait" />
207-->src\main\AndroidManifest.xml:190:17-53
208        <activity
208-->src\main\AndroidManifest.xml:191:9-193:56
209            android:name="com.fivebb.selfcare.activities.AccountDetailActivity"
209-->src\main\AndroidManifest.xml:192:17-65
210            android:screenOrientation="portrait" />
210-->src\main\AndroidManifest.xml:193:17-53
211        <activity
211-->src\main\AndroidManifest.xml:194:9-207:20
212            android:name="com.fivebb.selfcare.activities.InvoicePaymentActivity"
212-->src\main\AndroidManifest.xml:195:17-66
213            android:configChanges="keyboard|keyboardHidden|orientation|screenSize|screenLayout|smallestScreenSize|uiMode"
213-->src\main\AndroidManifest.xml:196:13-122
214            android:exported="true" >
214-->src\main\AndroidManifest.xml:197:13-36
215            <intent-filter android:autoVerify="true" >
215-->src\main\AndroidManifest.xml:76:13-84:29
215-->src\main\AndroidManifest.xml:76:28-53
216                <action android:name="android.intent.action.VIEW" />
216-->src\main\AndroidManifest.xml:77:17-69
216-->src\main\AndroidManifest.xml:77:25-66
217
218                <category android:name="android.intent.category.DEFAULT" />
218-->src\main\AndroidManifest.xml:79:17-76
218-->src\main\AndroidManifest.xml:79:27-73
219                <category android:name="android.intent.category.BROWSABLE" />
219-->src\main\AndroidManifest.xml:80:17-78
219-->src\main\AndroidManifest.xml:80:27-75
220
221                <data
221-->src\main\AndroidManifest.xml:81:17-83:47
222                    android:host="mlink/screen=dynamicconfirm?requestedid="
222-->src\main\AndroidManifest.xml:82:21-76
223                    android:scheme="ayapay" /> <!-- ayapay://mLink/screen=DynamicConfirm?requestedId=64cb456d953889338231db49" -->
223-->src\main\AndroidManifest.xml:83:21-44
224            </intent-filter>
225        </activity>
226        <activity
226-->src\main\AndroidManifest.xml:208:9-210:56
227            android:name="com.fivebb.selfcare.activities.ChangePasswordActivity"
227-->src\main\AndroidManifest.xml:209:17-66
228            android:screenOrientation="portrait" />
228-->src\main\AndroidManifest.xml:210:17-53
229        <activity
229-->src\main\AndroidManifest.xml:211:9-213:56
230            android:name="com.fivebb.selfcare.activities.PaymentHistoryActivity"
230-->src\main\AndroidManifest.xml:212:17-66
231            android:screenOrientation="portrait" />
231-->src\main\AndroidManifest.xml:213:17-53
232        <activity
232-->src\main\AndroidManifest.xml:214:9-216:56
233            android:name="com.fivebb.selfcare.activities.recharge.RechargedHistoryActivity"
233-->src\main\AndroidManifest.xml:215:17-77
234            android:screenOrientation="portrait" />
234-->src\main\AndroidManifest.xml:216:17-53
235        <activity
235-->src\main\AndroidManifest.xml:217:9-221:56
236            android:name="com.fivebb.selfcare.activities.HelpActivity"
236-->src\main\AndroidManifest.xml:218:17-56
237            android:configChanges="orientation"
237-->src\main\AndroidManifest.xml:219:17-52
238            android:hardwareAccelerated="true"
238-->src\main\AndroidManifest.xml:220:17-51
239            android:screenOrientation="portrait" />
239-->src\main\AndroidManifest.xml:221:17-53
240        <activity
240-->src\main\AndroidManifest.xml:222:9-224:57
241            android:name="com.fivebb.selfcare.activities.VideoFullScreenActivity"
241-->src\main\AndroidManifest.xml:223:17-67
242            android:screenOrientation="landscape" />
242-->src\main\AndroidManifest.xml:224:17-54
243        <activity
243-->src\main\AndroidManifest.xml:225:9-227:56
244            android:name="com.fivebb.selfcare.activities.SecretQuestionActivity"
244-->src\main\AndroidManifest.xml:226:17-66
245            android:screenOrientation="portrait" />
245-->src\main\AndroidManifest.xml:227:17-53
246        <activity
246-->src\main\AndroidManifest.xml:229:9-231:56
247            android:name="com.fivebb.selfcare.activities.VerifyEmailAty"
247-->src\main\AndroidManifest.xml:230:17-58
248            android:screenOrientation="portrait" />
248-->src\main\AndroidManifest.xml:231:17-53
249
250        <meta-data
250-->src\main\AndroidManifest.xml:232:9-234:41
251            android:name="firebase_crashlytics_collection_enabled"
251-->src\main\AndroidManifest.xml:233:17-71
252            android:value="false" />
252-->src\main\AndroidManifest.xml:234:17-38
253        <!--
254            <meta-data
255                android:name="io.fabric.ApiKey"
256                android:value="ffdd68d264d8ac2a87fbd88d215d46bacf7f46a3" />
257        -->
258        <meta-data
258-->src\main\AndroidManifest.xml:238:9-240:75
259            android:name="com.google.android.geo.API_KEY"
259-->src\main\AndroidManifest.xml:239:17-62
260            android:value="AIzaSyAl7fsmjsnq2s5YNJGQDWcDPVUnstzL8RY" />
260-->src\main\AndroidManifest.xml:240:17-72
261
262        <activity
262-->[com.facebook.android:facebook-common:5.15.3] AndroidManifest.xml:30:9-33:66
263            android:name="com.facebook.FacebookActivity"
263-->[com.facebook.android:facebook-common:5.15.3] AndroidManifest.xml:31:13-57
264            android:configChanges="keyboard|keyboardHidden|screenLayout|screenSize|orientation"
264-->[com.facebook.android:facebook-common:5.15.3] AndroidManifest.xml:32:13-96
265            android:theme="@style/com_facebook_activity_theme" />
265-->[com.facebook.android:facebook-common:5.15.3] AndroidManifest.xml:33:13-63
266        <activity android:name="com.facebook.CustomTabMainActivity" />
266-->[com.facebook.android:facebook-common:5.15.3] AndroidManifest.xml:34:9-71
266-->[com.facebook.android:facebook-common:5.15.3] AndroidManifest.xml:34:19-68
267        <activity
267-->[com.facebook.android:facebook-common:5.15.3] AndroidManifest.xml:35:9-49:20
268            android:name="com.facebook.CustomTabActivity"
268-->[com.facebook.android:facebook-common:5.15.3] AndroidManifest.xml:36:13-58
269            android:exported="true" >
269-->[com.facebook.android:facebook-common:5.15.3] AndroidManifest.xml:37:13-36
270            <intent-filter>
270-->[com.facebook.android:facebook-common:5.15.3] AndroidManifest.xml:39:13-48:29
271                <action android:name="android.intent.action.VIEW" />
271-->src\main\AndroidManifest.xml:77:17-69
271-->src\main\AndroidManifest.xml:77:25-66
272
273                <category android:name="android.intent.category.DEFAULT" />
273-->src\main\AndroidManifest.xml:79:17-76
273-->src\main\AndroidManifest.xml:79:27-73
274                <category android:name="android.intent.category.BROWSABLE" />
274-->src\main\AndroidManifest.xml:80:17-78
274-->src\main\AndroidManifest.xml:80:27-75
275
276                <data
276-->src\main\AndroidManifest.xml:81:17-83:47
277                    android:host="cct.com.fivebb.selfcare"
277-->src\main\AndroidManifest.xml:82:21-76
278                    android:scheme="fbconnect" />
278-->src\main\AndroidManifest.xml:83:21-44
279            </intent-filter>
280        </activity>
281        <activity
281-->[com.google.firebase:firebase-auth:21.1.0] AndroidManifest.xml:27:9-44:20
282            android:name="com.google.firebase.auth.internal.GenericIdpActivity"
282-->[com.google.firebase:firebase-auth:21.1.0] AndroidManifest.xml:28:13-80
283            android:excludeFromRecents="true"
283-->[com.google.firebase:firebase-auth:21.1.0] AndroidManifest.xml:29:13-46
284            android:exported="true"
284-->[com.google.firebase:firebase-auth:21.1.0] AndroidManifest.xml:30:13-36
285            android:launchMode="singleTask"
285-->[com.google.firebase:firebase-auth:21.1.0] AndroidManifest.xml:31:13-44
286            android:theme="@android:style/Theme.Translucent.NoTitleBar" >
286-->[com.google.firebase:firebase-auth:21.1.0] AndroidManifest.xml:32:13-72
287            <intent-filter>
287-->[com.google.firebase:firebase-auth:21.1.0] AndroidManifest.xml:33:13-43:29
288                <action android:name="android.intent.action.VIEW" />
288-->src\main\AndroidManifest.xml:77:17-69
288-->src\main\AndroidManifest.xml:77:25-66
289
290                <category android:name="android.intent.category.DEFAULT" />
290-->src\main\AndroidManifest.xml:79:17-76
290-->src\main\AndroidManifest.xml:79:27-73
291                <category android:name="android.intent.category.BROWSABLE" />
291-->src\main\AndroidManifest.xml:80:17-78
291-->src\main\AndroidManifest.xml:80:27-75
292
293                <data
293-->src\main\AndroidManifest.xml:81:17-83:47
294                    android:host="firebase.auth"
294-->src\main\AndroidManifest.xml:82:21-76
295                    android:path="/"
296                    android:scheme="genericidp" />
296-->src\main\AndroidManifest.xml:83:21-44
297            </intent-filter>
298        </activity>
299        <activity
299-->[com.google.firebase:firebase-auth:21.1.0] AndroidManifest.xml:45:9-62:20
300            android:name="com.google.firebase.auth.internal.RecaptchaActivity"
300-->[com.google.firebase:firebase-auth:21.1.0] AndroidManifest.xml:46:13-79
301            android:excludeFromRecents="true"
301-->[com.google.firebase:firebase-auth:21.1.0] AndroidManifest.xml:47:13-46
302            android:exported="true"
302-->[com.google.firebase:firebase-auth:21.1.0] AndroidManifest.xml:48:13-36
303            android:launchMode="singleTask"
303-->[com.google.firebase:firebase-auth:21.1.0] AndroidManifest.xml:49:13-44
304            android:theme="@android:style/Theme.Translucent.NoTitleBar" >
304-->[com.google.firebase:firebase-auth:21.1.0] AndroidManifest.xml:50:13-72
305            <intent-filter>
305-->[com.google.firebase:firebase-auth:21.1.0] AndroidManifest.xml:51:13-61:29
306                <action android:name="android.intent.action.VIEW" />
306-->src\main\AndroidManifest.xml:77:17-69
306-->src\main\AndroidManifest.xml:77:25-66
307
308                <category android:name="android.intent.category.DEFAULT" />
308-->src\main\AndroidManifest.xml:79:17-76
308-->src\main\AndroidManifest.xml:79:27-73
309                <category android:name="android.intent.category.BROWSABLE" />
309-->src\main\AndroidManifest.xml:80:17-78
309-->src\main\AndroidManifest.xml:80:27-75
310
311                <data
311-->src\main\AndroidManifest.xml:81:17-83:47
312                    android:host="firebase.auth"
312-->src\main\AndroidManifest.xml:82:21-76
313                    android:path="/"
314                    android:scheme="recaptcha" />
314-->src\main\AndroidManifest.xml:83:21-44
315            </intent-filter>
316        </activity>
317
318        <service